<?xml version="1.0" encoding="UTF-8"?>
<!-- Generated by org.testng.reporters.JUnitXMLReporter -->
<testsuite ignored="0" hostname="INLPF37C5VG" failures="0" tests="5" name="MyTest" time="0.084" errors="0" timestamp="2024-01-07T23:36:12 IST">
  <testcase classname="OrangeHRM.Tests.TestngBasics" name="test1" time="0.009"/>
  <testcase classname="OrangeHRM.Tests.TestngBasics" name="testMethod2" time="0.002"/>
  <testcase classname="OrangeHRM.Tests.TestngBasics" name="testMethod1" time="0.008"/>
  <testcase classname="OrangeHRM.Tests.TestngBasics2" name="testMethod1" time="0.006"/>
  <testcase classname="OrangeHRM.Tests.TestngBasics2" name="testMethod2" time="0.002"/>
</testsuite> <!-- MyTest -->
