<?xml version="1.0" encoding="UTF-8"?>
<!-- Generated by org.testng.reporters.JUnitXMLReporter -->
<testsuite ignored="2" hostname="INLPF37C5VG" failures="0" tests="1" name="Default test" time="0.05" errors="0" timestamp="2024-01-05T23:46:43 IST">
  <testcase classname="OrangeHRM.Tests.TestngBasics" name="testMethod1" time="0.012"/>
  <testcase classname="OrangeHRM.Tests.TestngBasics" name="testMethod2" time="0.0">
    <ignored/>
  </testcase> <!-- testMethod2 -->
  <testcase classname="OrangeHRM.Tests.TestngBasics" name="test1" time="0.0">
    <ignored/>
  </testcase> <!-- test1 -->
</testsuite> <!-- Default test -->
