<?xml version="1.0" encoding="UTF-8"?>
<testng-results ignored="0" total="5" passed="5" failed="0" skipped="0">
  <reporter-output>
  </reporter-output>
  <suite started-at="2024-01-07T23:36:12 IST" name="MyTestSuite" finished-at="2024-01-07T23:36:12 IST" duration-ms="84">
    <groups>
    </groups>
    <test started-at="2024-01-07T23:36:12 IST" name="MyTest" finished-at="2024-01-07T23:36:12 IST" duration-ms="84">
      <class name="OrangeHRM.Tests.TestngBasics2">
        <test-method is-config="true" signature="beforeSuite()[pri:0, instance:OrangeHRM.Tests.TestngBasics2@77659b30]" started-at="2024-01-07T23:36:12 IST" name="beforeSuite" finished-at="2024-01-07T23:36:12 IST" duration-ms="1" status="PASS">
          <reporter-output>
          </reporter-output>
        </test-method> <!-- beforeSuite -->
        <test-method is-config="true" signature="beforeClass()[pri:0, instance:OrangeHRM.Tests.TestngBasics2@77659b30]" started-at="2024-01-07T23:36:12 IST" name="beforeClass" finished-at="2024-01-07T23:36:12 IST" duration-ms="0" status="PASS">
          <reporter-output>
          </reporter-output>
        </test-method> <!-- beforeClass -->
        <test-method signature="testMethod1()[pri:1, instance:OrangeHRM.Tests.TestngBasics2@77659b30]" started-at="2024-01-07T23:36:12 IST" name="testMethod1" finished-at="2024-01-07T23:36:12 IST" duration-ms="6" status="PASS">
          <reporter-output>
          </reporter-output>
        </test-method> <!-- testMethod1 -->
        <test-method is-config="true" signature="beforeMethod()[pri:0, instance:OrangeHRM.Tests.TestngBasics2@77659b30]" started-at="2024-01-07T23:36:12 IST" name="beforeMethod" finished-at="2024-01-07T23:36:12 IST" duration-ms="0" status="PASS">
          <reporter-output>
          </reporter-output>
        </test-method> <!-- beforeMethod -->
        <test-method is-config="true" signature="afterMethod()[pri:0, instance:OrangeHRM.Tests.TestngBasics2@77659b30]" started-at="2024-01-07T23:36:12 IST" name="afterMethod" finished-at="2024-01-07T23:36:12 IST" duration-ms="1" status="PASS">
          <reporter-output>
          </reporter-output>
        </test-method> <!-- afterMethod -->
        <test-method signature="testMethod2()[pri:2, instance:OrangeHRM.Tests.TestngBasics2@77659b30]" started-at="2024-01-07T23:36:12 IST" name="testMethod2" finished-at="2024-01-07T23:36:12 IST" depends-on-methods="OrangeHRM.Tests.TestngBasics2.testMethod1" duration-ms="2" status="PASS">
          <reporter-output>
          </reporter-output>
        </test-method> <!-- testMethod2 -->
        <test-method is-config="true" signature="beforeMethod()[pri:0, instance:OrangeHRM.Tests.TestngBasics2@77659b30]" started-at="2024-01-07T23:36:12 IST" name="beforeMethod" finished-at="2024-01-07T23:36:12 IST" duration-ms="0" status="PASS">
          <reporter-output>
          </reporter-output>
        </test-method> <!-- beforeMethod -->
        <test-method is-config="true" signature="afterMethod()[pri:0, instance:OrangeHRM.Tests.TestngBasics2@77659b30]" started-at="2024-01-07T23:36:12 IST" name="afterMethod" finished-at="2024-01-07T23:36:12 IST" duration-ms="1" status="PASS">
          <reporter-output>
          </reporter-output>
        </test-method> <!-- afterMethod -->
        <test-method is-config="true" signature="afterClass()[pri:0, instance:OrangeHRM.Tests.TestngBasics2@77659b30]" started-at="2024-01-07T23:36:12 IST" name="afterClass" finished-at="2024-01-07T23:36:12 IST" duration-ms="0" status="PASS">
          <reporter-output>
          </reporter-output>
        </test-method> <!-- afterClass -->
        <test-method is-config="true" signature="afterSuite()[pri:0, instance:OrangeHRM.Tests.TestngBasics2@77659b30]" started-at="2024-01-07T23:36:12 IST" name="afterSuite" finished-at="2024-01-07T23:36:12 IST" duration-ms="0" status="PASS">
          <reporter-output>
          </reporter-output>
        </test-method> <!-- afterSuite -->
      </class> <!-- OrangeHRM.Tests.TestngBasics2 -->
      <class name="OrangeHRM.Tests.TestngBasics">
        <test-method is-config="true" signature="beforeSuite()[pri:0, instance:OrangeHRM.Tests.TestngBasics@389b0789]" started-at="2024-01-07T23:36:12 IST" name="beforeSuite" finished-at="2024-01-07T23:36:12 IST" duration-ms="9" status="PASS">
          <reporter-output>
          </reporter-output>
        </test-method> <!-- beforeSuite -->
        <test-method is-config="true" signature="beforeClass()[pri:0, instance:OrangeHRM.Tests.TestngBasics@389b0789]" started-at="2024-01-07T23:36:12 IST" name="beforeClass" finished-at="2024-01-07T23:36:12 IST" duration-ms="0" status="PASS">
          <reporter-output>
          </reporter-output>
        </test-method> <!-- beforeClass -->
        <test-method is-config="true" signature="beforeMethod()[pri:0, instance:OrangeHRM.Tests.TestngBasics@389b0789]" started-at="2024-01-07T23:36:12 IST" name="beforeMethod" finished-at="2024-01-07T23:36:12 IST" duration-ms="0" status="PASS">
          <reporter-output>
          </reporter-output>
        </test-method> <!-- beforeMethod -->
        <test-method signature="test1()[pri:0, instance:OrangeHRM.Tests.TestngBasics@389b0789]" started-at="2024-01-07T23:36:12 IST" name="test1" finished-at="2024-01-07T23:36:12 IST" duration-ms="9" status="PASS">
          <reporter-output>
          </reporter-output>
        </test-method> <!-- test1 -->
        <test-method is-config="true" signature="afterMethod()[pri:0, instance:OrangeHRM.Tests.TestngBasics@389b0789]" started-at="2024-01-07T23:36:12 IST" name="afterMethod" finished-at="2024-01-07T23:36:12 IST" duration-ms="1" status="PASS">
          <reporter-output>
          </reporter-output>
        </test-method> <!-- afterMethod -->
        <test-method signature="testMethod2()[pri:2, instance:OrangeHRM.Tests.TestngBasics@389b0789]" started-at="2024-01-07T23:36:12 IST" name="testMethod2" finished-at="2024-01-07T23:36:12 IST" duration-ms="2" status="PASS">
          <reporter-output>
          </reporter-output>
        </test-method> <!-- testMethod2 -->
        <test-method is-config="true" signature="beforeMethod()[pri:0, instance:OrangeHRM.Tests.TestngBasics@389b0789]" started-at="2024-01-07T23:36:12 IST" name="beforeMethod" finished-at="2024-01-07T23:36:12 IST" duration-ms="0" status="PASS">
          <reporter-output>
          </reporter-output>
        </test-method> <!-- beforeMethod -->
        <test-method is-config="true" signature="afterMethod()[pri:0, instance:OrangeHRM.Tests.TestngBasics@389b0789]" started-at="2024-01-07T23:36:12 IST" name="afterMethod" finished-at="2024-01-07T23:36:12 IST" duration-ms="0" status="PASS">
          <reporter-output>
          </reporter-output>
        </test-method> <!-- afterMethod -->
        <test-method signature="testMethod1()[pri:3, instance:OrangeHRM.Tests.TestngBasics@389b0789]" started-at="2024-01-07T23:36:12 IST" name="testMethod1" finished-at="2024-01-07T23:36:12 IST" duration-ms="8" status="PASS">
          <reporter-output>
          </reporter-output>
        </test-method> <!-- testMethod1 -->
        <test-method is-config="true" signature="beforeMethod()[pri:0, instance:OrangeHRM.Tests.TestngBasics@389b0789]" started-at="2024-01-07T23:36:12 IST" name="beforeMethod" finished-at="2024-01-07T23:36:12 IST" duration-ms="0" status="PASS">
          <reporter-output>
          </reporter-output>
        </test-method> <!-- beforeMethod -->
        <test-method is-config="true" signature="afterMethod()[pri:0, instance:OrangeHRM.Tests.TestngBasics@389b0789]" started-at="2024-01-07T23:36:12 IST" name="afterMethod" finished-at="2024-01-07T23:36:12 IST" duration-ms="0" status="PASS">
          <reporter-output>
          </reporter-output>
        </test-method> <!-- afterMethod -->
        <test-method is-config="true" signature="afterClass()[pri:0, instance:OrangeHRM.Tests.TestngBasics@389b0789]" started-at="2024-01-07T23:36:12 IST" name="afterClass" finished-at="2024-01-07T23:36:12 IST" duration-ms="0" status="PASS">
          <reporter-output>
          </reporter-output>
        </test-method> <!-- afterClass -->
        <test-method is-config="true" signature="afterSuite()[pri:0, instance:OrangeHRM.Tests.TestngBasics@389b0789]" started-at="2024-01-07T23:36:12 IST" name="afterSuite" finished-at="2024-01-07T23:36:12 IST" duration-ms="1" status="PASS">
          <reporter-output>
          </reporter-output>
        </test-method> <!-- afterSuite -->
      </class> <!-- OrangeHRM.Tests.TestngBasics -->
    </test> <!-- MyTest -->
  </suite> <!-- MyTestSuite -->
</testng-results>
